{"C:\\Users\\Bryan\\Documents\\GitHub\\Quint-Accounting-Fe\\src\\services\\asientos\\asientos.service.ts": {"path":"C:\\Users\\Bryan\\Documents\\GitHub\\Quint-Accounting-Fe\\src\\services\\asientos\\asientos.service.ts","statementMap":{"0":{"start":{"line":3,"column":0},"end":{"line":3,"column":30}},"1":{"start":{"line":10,"column":4},"end":{"line":25,"column":5}},"2":{"start":{"line":11,"column":23},"end":{"line":13,"column":null}},"3":{"start":{"line":15,"column":6},"end":{"line":15,"column":62}},"4":{"start":{"line":16,"column":6},"end":{"line":16,"column":27}},"5":{"start":{"line":18,"column":6},"end":{"line":23,"column":7}},"6":{"start":{"line":21,"column":10},"end":{"line":21,"column":125}},"7":{"start":{"line":22,"column":8},"end":{"line":22,"column":62}},"8":{"start":{"line":24,"column":6},"end":{"line":24,"column":60}},"9":{"start":{"line":31,"column":4},"end":{"line":45,"column":5}},"10":{"start":{"line":32,"column":23},"end":{"line":33,"column":null}},"11":{"start":{"line":35,"column":6},"end":{"line":35,"column":56}},"12":{"start":{"line":36,"column":6},"end":{"line":36,"column":27}},"13":{"start":{"line":38,"column":6},"end":{"line":43,"column":7}},"14":{"start":{"line":41,"column":10},"end":{"line":41,"column":125}},"15":{"start":{"line":42,"column":8},"end":{"line":42,"column":65}},"16":{"start":{"line":44,"column":6},"end":{"line":44,"column":63}},"17":{"start":{"line":54,"column":4},"end":{"line":73,"column":5}},"18":{"start":{"line":55,"column":23},"end":{"line":61,"column":null}},"19":{"start":{"line":64,"column":6},"end":{"line":64,"column":51}},"20":{"start":{"line":65,"column":6},"end":{"line":65,"column":27}},"21":{"start":{"line":67,"column":6},"end":{"line":71,"column":7}},"22":{"start":{"line":69,"column":10},"end":{"line":69,"column":125}},"23":{"start":{"line":70,"column":8},"end":{"line":70,"column":67}},"24":{"start":{"line":72,"column":6},"end":{"line":72,"column":65}},"25":{"start":{"line":6,"column":0},"end":{"line":6,"column":13}}},"fnMap":{"0":{"name":"(anonymous_8)","decl":{"start":{"line":7,"column":9},"end":{"line":7,"column":15}},"loc":{"start":{"line":8,"column":27},"end":{"line":26,"column":null}}},"1":{"name":"(anonymous_10)","decl":{"start":{"line":28,"column":9},"end":{"line":28,"column":15}},"loc":{"start":{"line":29,"column":22},"end":{"line":46,"column":null}}},"2":{"name":"(anonymous_12)","decl":{"start":{"line":48,"column":9},"end":{"line":48,"column":15}},"loc":{"start":{"line":52,"column":29},"end":{"line":74,"column":null}}}},"branchMap":{"0":{"loc":{"start":{"line":18,"column":6},"end":{"line":23,"column":7}},"type":"if","locations":[{"start":{"line":18,"column":6},"end":{"line":23,"column":7}},{"start":{},"end":{}}]},"1":{"loc":{"start":{"line":21,"column":11},"end":{"line":21,"column":44}},"type":"binary-expr","locations":[{"start":{"line":21,"column":11},"end":{"line":21,"column":33}},{"start":{"line":21,"column":37},"end":{"line":21,"column":44}}]},"2":{"loc":{"start":{"line":21,"column":11},"end":{"line":21,"column":33}},"type":"cond-expr","locations":[{"start":{"line":21,"column":25},"end":{"line":21,"column":27}},{"start":{"line":21,"column":25},"end":{"line":21,"column":33}}]},"3":{"loc":{"start":{"line":21,"column":11},"end":{"line":21,"column":27}},"type":"binary-expr","locations":[{"start":{"line":21,"column":11},"end":{"line":21,"column":27}},{"start":{"line":21,"column":25},"end":{"line":21,"column":27}}]},"4":{"loc":{"start":{"line":21,"column":55},"end":{"line":21,"column":124}},"type":"binary-expr","locations":[{"start":{"line":21,"column":55},"end":{"line":21,"column":84}},{"start":{"line":21,"column":88},"end":{"line":21,"column":101}},{"start":{"line":21,"column":105},"end":{"line":21,"column":124}}]},"5":{"loc":{"start":{"line":21,"column":55},"end":{"line":21,"column":84}},"type":"cond-expr","locations":[{"start":{"line":21,"column":75},"end":{"line":21,"column":77}},{"start":{"line":21,"column":75},"end":{"line":21,"column":84}}]},"6":{"loc":{"start":{"line":21,"column":55},"end":{"line":21,"column":77}},"type":"binary-expr","locations":[{"start":{"line":21,"column":55},"end":{"line":21,"column":77}},{"start":{"line":21,"column":75},"end":{"line":21,"column":77}}]},"7":{"loc":{"start":{"line":21,"column":55},"end":{"line":21,"column":75}},"type":"cond-expr","locations":[{"start":{"line":21,"column":69},"end":{"line":21,"column":71}},{"start":{"line":21,"column":69},"end":{"line":21,"column":75}}]},"8":{"loc":{"start":{"line":21,"column":55},"end":{"line":21,"column":71}},"type":"binary-expr","locations":[{"start":{"line":21,"column":55},"end":{"line":21,"column":71}},{"start":{"line":21,"column":69},"end":{"line":21,"column":71}}]},"9":{"loc":{"start":{"line":38,"column":6},"end":{"line":43,"column":7}},"type":"if","locations":[{"start":{"line":38,"column":6},"end":{"line":43,"column":7}},{"start":{},"end":{}}]},"10":{"loc":{"start":{"line":41,"column":11},"end":{"line":41,"column":44}},"type":"binary-expr","locations":[{"start":{"line":41,"column":11},"end":{"line":41,"column":33}},{"start":{"line":41,"column":37},"end":{"line":41,"column":44}}]},"11":{"loc":{"start":{"line":41,"column":11},"end":{"line":41,"column":33}},"type":"cond-expr","locations":[{"start":{"line":41,"column":25},"end":{"line":41,"column":27}},{"start":{"line":41,"column":25},"end":{"line":41,"column":33}}]},"12":{"loc":{"start":{"line":41,"column":11},"end":{"line":41,"column":27}},"type":"binary-expr","locations":[{"start":{"line":41,"column":11},"end":{"line":41,"column":27}},{"start":{"line":41,"column":25},"end":{"line":41,"column":27}}]},"13":{"loc":{"start":{"line":41,"column":55},"end":{"line":41,"column":124}},"type":"binary-expr","locations":[{"start":{"line":41,"column":55},"end":{"line":41,"column":84}},{"start":{"line":41,"column":88},"end":{"line":41,"column":101}},{"start":{"line":41,"column":105},"end":{"line":41,"column":124}}]},"14":{"loc":{"start":{"line":41,"column":55},"end":{"line":41,"column":84}},"type":"cond-expr","locations":[{"start":{"line":41,"column":75},"end":{"line":41,"column":77}},{"start":{"line":41,"column":75},"end":{"line":41,"column":84}}]},"15":{"loc":{"start":{"line":41,"column":55},"end":{"line":41,"column":77}},"type":"binary-expr","locations":[{"start":{"line":41,"column":55},"end":{"line":41,"column":77}},{"start":{"line":41,"column":75},"end":{"line":41,"column":77}}]},"16":{"loc":{"start":{"line":41,"column":55},"end":{"line":41,"column":75}},"type":"cond-expr","locations":[{"start":{"line":41,"column":69},"end":{"line":41,"column":71}},{"start":{"line":41,"column":69},"end":{"line":41,"column":75}}]},"17":{"loc":{"start":{"line":41,"column":55},"end":{"line":41,"column":71}},"type":"binary-expr","locations":[{"start":{"line":41,"column":55},"end":{"line":41,"column":71}},{"start":{"line":41,"column":69},"end":{"line":41,"column":71}}]},"18":{"loc":{"start":{"line":67,"column":6},"end":{"line":71,"column":7}},"type":"if","locations":[{"start":{"line":67,"column":6},"end":{"line":71,"column":7}},{"start":{},"end":{}}]},"19":{"loc":{"start":{"line":69,"column":11},"end":{"line":69,"column":44}},"type":"binary-expr","locations":[{"start":{"line":69,"column":11},"end":{"line":69,"column":33}},{"start":{"line":69,"column":37},"end":{"line":69,"column":44}}]},"20":{"loc":{"start":{"line":69,"column":11},"end":{"line":69,"column":33}},"type":"cond-expr","locations":[{"start":{"line":69,"column":25},"end":{"line":69,"column":27}},{"start":{"line":69,"column":25},"end":{"line":69,"column":33}}]},"21":{"loc":{"start":{"line":69,"column":11},"end":{"line":69,"column":27}},"type":"binary-expr","locations":[{"start":{"line":69,"column":11},"end":{"line":69,"column":27}},{"start":{"line":69,"column":25},"end":{"line":69,"column":27}}]},"22":{"loc":{"start":{"line":69,"column":55},"end":{"line":69,"column":124}},"type":"binary-expr","locations":[{"start":{"line":69,"column":55},"end":{"line":69,"column":84}},{"start":{"line":69,"column":88},"end":{"line":69,"column":101}},{"start":{"line":69,"column":105},"end":{"line":69,"column":124}}]},"23":{"loc":{"start":{"line":69,"column":55},"end":{"line":69,"column":84}},"type":"cond-expr","locations":[{"start":{"line":69,"column":75},"end":{"line":69,"column":77}},{"start":{"line":69,"column":75},"end":{"line":69,"column":84}}]},"24":{"loc":{"start":{"line":69,"column":55},"end":{"line":69,"column":77}},"type":"binary-expr","locations":[{"start":{"line":69,"column":55},"end":{"line":69,"column":77}},{"start":{"line":69,"column":75},"end":{"line":69,"column":77}}]},"25":{"loc":{"start":{"line":69,"column":55},"end":{"line":69,"column":75}},"type":"cond-expr","locations":[{"start":{"line":69,"column":69},"end":{"line":69,"column":71}},{"start":{"line":69,"column":69},"end":{"line":69,"column":75}}]},"26":{"loc":{"start":{"line":69,"column":55},"end":{"line":69,"column":71}},"type":"binary-expr","locations":[{"start":{"line":69,"column":55},"end":{"line":69,"column":71}},{"start":{"line":69,"column":69},"end":{"line":69,"column":71}}]}},"s":{"0":1,"1":4,"2":4,"3":1,"4":1,"5":3,"6":2,"7":2,"8":1,"9":3,"10":3,"11":1,"12":1,"13":2,"14":2,"15":2,"16":0,"17":3,"18":3,"19":1,"20":1,"21":2,"22":2,"23":2,"24":0,"25":1},"f":{"0":4,"1":3,"2":3},"b":{"0":[2,1],"1":[2,0],"2":[0,2],"3":[2,2],"4":[2,0,0],"5":[0,2],"6":[2,2],"7":[0,2],"8":[2,2],"9":[2,0],"10":[2,0],"11":[0,2],"12":[2,2],"13":[2,0,0],"14":[0,2],"15":[2,2],"16":[0,2],"17":[2,2],"18":[2,0],"19":[2,0],"20":[0,2],"21":[2,2],"22":[2,0,0],"23":[0,2],"24":[2,2],"25":[0,2],"26":[2,2]}}
,"C:\\Users\\Bryan\\Documents\\GitHub\\Quint-Accounting-Fe\\src\\services\\asientos\\detalleAsientos.service.ts": {"path":"C:\\Users\\Bryan\\Documents\\GitHub\\Quint-Accounting-Fe\\src\\services\\asientos\\detalleAsientos.service.ts","statementMap":{"0":{"start":{"line":1,"column":0},"end":{"line":1,"column":30}},"1":{"start":{"line":22,"column":4},"end":{"line":31,"column":5}},"2":{"start":{"line":23,"column":23},"end":{"line":25,"column":null}},"3":{"start":{"line":27,"column":6},"end":{"line":27,"column":27}},"4":{"start":{"line":29,"column":6},"end":{"line":29,"column":64}},"5":{"start":{"line":30,"column":6},"end":{"line":30,"column":18}},"6":{"start":{"line":18,"column":0},"end":{"line":18,"column":13}},"7":{"start":{"line":35,"column":0},"end":{"line":35,"column":38}}},"fnMap":{"0":{"name":"(anonymous_8)","decl":{"start":{"line":19,"column":9},"end":{"line":19,"column":15}},"loc":{"start":{"line":20,"column":41},"end":{"line":32,"column":null}}}},"branchMap":{},"s":{"0":1,"1":8,"2":8,"3":2,"4":6,"5":6,"6":1,"7":1},"f":{"0":8},"b":{}}
,"C:\\Users\\Bryan\\Documents\\GitHub\\Quint-Accounting-Fe\\src\\services\\cuentas\\cuentas.service.ts": {"path":"C:\\Users\\Bryan\\Documents\\GitHub\\Quint-Accounting-Fe\\src\\services\\cuentas\\cuentas.service.ts","statementMap":{"0":{"start":{"line":1,"column":0},"end":{"line":1,"column":30}},"1":{"start":{"line":9,"column":4},"end":{"line":19,"column":5}},"2":{"start":{"line":10,"column":23},"end":{"line":10,"column":77}},"3":{"start":{"line":11,"column":6},"end":{"line":11,"column":18}},"4":{"start":{"line":13,"column":6},"end":{"line":17,"column":7}},"5":{"start":{"line":15,"column":10},"end":{"line":15,"column":125}},"6":{"start":{"line":16,"column":8},"end":{"line":16,"column":69}},"7":{"start":{"line":18,"column":6},"end":{"line":18,"column":67}},"8":{"start":{"line":23,"column":4},"end":{"line":33,"column":5}},"9":{"start":{"line":24,"column":23},"end":{"line":24,"column":73}},"10":{"start":{"line":25,"column":6},"end":{"line":25,"column":18}},"11":{"start":{"line":27,"column":6},"end":{"line":31,"column":7}},"12":{"start":{"line":29,"column":10},"end":{"line":29,"column":125}},"13":{"start":{"line":30,"column":8},"end":{"line":30,"column":64}},"14":{"start":{"line":32,"column":6},"end":{"line":32,"column":62}},"15":{"start":{"line":38,"column":4},"end":{"line":48,"column":5}},"16":{"start":{"line":39,"column":23},"end":{"line":39,"column":70}},"17":{"start":{"line":40,"column":6},"end":{"line":40,"column":18}},"18":{"start":{"line":42,"column":6},"end":{"line":46,"column":7}},"19":{"start":{"line":44,"column":10},"end":{"line":44,"column":125}},"20":{"start":{"line":45,"column":8},"end":{"line":45,"column":79}},"21":{"start":{"line":47,"column":6},"end":{"line":47,"column":65}},"22":{"start":{"line":52,"column":4},"end":{"line":63,"column":5}},"23":{"start":{"line":53,"column":23},"end":{"line":53,"column":116}},"24":{"start":{"line":54,"column":6},"end":{"line":54,"column":45}},"25":{"start":{"line":55,"column":6},"end":{"line":55,"column":18}},"26":{"start":{"line":57,"column":6},"end":{"line":61,"column":7}},"27":{"start":{"line":59,"column":10},"end":{"line":59,"column":125}},"28":{"start":{"line":60,"column":8},"end":{"line":60,"column":66}},"29":{"start":{"line":62,"column":6},"end":{"line":62,"column":64}},"30":{"start":{"line":67,"column":4},"end":{"line":79,"column":5}},"31":{"start":{"line":68,"column":23},"end":{"line":69,"column":null}},"32":{"start":{"line":71,"column":6},"end":{"line":71,"column":18}},"33":{"start":{"line":73,"column":6},"end":{"line":77,"column":7}},"34":{"start":{"line":75,"column":10},"end":{"line":75,"column":125}},"35":{"start":{"line":76,"column":8},"end":{"line":76,"column":66}},"36":{"start":{"line":78,"column":6},"end":{"line":78,"column":64}},"37":{"start":{"line":84,"column":4},"end":{"line":95,"column":5}},"38":{"start":{"line":85,"column":6},"end":{"line":87,"column":9}},"39":{"start":{"line":89,"column":6},"end":{"line":93,"column":7}},"40":{"start":{"line":91,"column":10},"end":{"line":91,"column":125}},"41":{"start":{"line":92,"column":8},"end":{"line":92,"column":69}},"42":{"start":{"line":94,"column":6},"end":{"line":94,"column":55}},"43":{"start":{"line":99,"column":4},"end":{"line":109,"column":5}},"44":{"start":{"line":100,"column":23},"end":{"line":100,"column":96}},"45":{"start":{"line":101,"column":6},"end":{"line":101,"column":18}},"46":{"start":{"line":103,"column":6},"end":{"line":107,"column":7}},"47":{"start":{"line":105,"column":10},"end":{"line":105,"column":125}},"48":{"start":{"line":106,"column":8},"end":{"line":106,"column":66}},"49":{"start":{"line":108,"column":6},"end":{"line":108,"column":64}},"50":{"start":{"line":7,"column":0},"end":{"line":7,"column":13}}},"fnMap":{"0":{"name":"(anonymous_8)","decl":{"start":{"line":8,"column":9},"end":{"line":8,"column":15}},"loc":{"start":{"line":8,"column":40},"end":{"line":20,"column":null}}},"1":{"name":"(anonymous_10)","decl":{"start":{"line":22,"column":9},"end":{"line":22,"column":15}},"loc":{"start":{"line":22,"column":36},"end":{"line":35,"column":null}}},"2":{"name":"(anonymous_12)","decl":{"start":{"line":37,"column":9},"end":{"line":37,"column":15}},"loc":{"start":{"line":37,"column":39},"end":{"line":49,"column":null}}},"3":{"name":"(anonymous_14)","decl":{"start":{"line":51,"column":9},"end":{"line":51,"column":15}},"loc":{"start":{"line":51,"column":67},"end":{"line":65,"column":null}}},"4":{"name":"(anonymous_16)","decl":{"start":{"line":66,"column":9},"end":{"line":66,"column":15}},"loc":{"start":{"line":66,"column":88},"end":{"line":81,"column":null}}},"5":{"name":"(anonymous_18)","decl":{"start":{"line":83,"column":9},"end":{"line":83,"column":15}},"loc":{"start":{"line":83,"column":56},"end":{"line":96,"column":null}}},"6":{"name":"(anonymous_20)","decl":{"start":{"line":98,"column":9},"end":{"line":98,"column":15}},"loc":{"start":{"line":98,"column":54},"end":{"line":111,"column":null}}}},"branchMap":{"0":{"loc":{"start":{"line":13,"column":6},"end":{"line":17,"column":7}},"type":"if","locations":[{"start":{"line":13,"column":6},"end":{"line":17,"column":7}},{"start":{},"end":{}}]},"1":{"loc":{"start":{"line":15,"column":11},"end":{"line":15,"column":44}},"type":"binary-expr","locations":[{"start":{"line":15,"column":11},"end":{"line":15,"column":33}},{"start":{"line":15,"column":37},"end":{"line":15,"column":44}}]},"2":{"loc":{"start":{"line":15,"column":11},"end":{"line":15,"column":33}},"type":"cond-expr","locations":[{"start":{"line":15,"column":25},"end":{"line":15,"column":27}},{"start":{"line":15,"column":25},"end":{"line":15,"column":33}}]},"3":{"loc":{"start":{"line":15,"column":11},"end":{"line":15,"column":27}},"type":"binary-expr","locations":[{"start":{"line":15,"column":11},"end":{"line":15,"column":27}},{"start":{"line":15,"column":25},"end":{"line":15,"column":27}}]},"4":{"loc":{"start":{"line":15,"column":55},"end":{"line":15,"column":124}},"type":"binary-expr","locations":[{"start":{"line":15,"column":55},"end":{"line":15,"column":84}},{"start":{"line":15,"column":88},"end":{"line":15,"column":101}},{"start":{"line":15,"column":105},"end":{"line":15,"column":124}}]},"5":{"loc":{"start":{"line":15,"column":55},"end":{"line":15,"column":84}},"type":"cond-expr","locations":[{"start":{"line":15,"column":75},"end":{"line":15,"column":77}},{"start":{"line":15,"column":75},"end":{"line":15,"column":84}}]},"6":{"loc":{"start":{"line":15,"column":55},"end":{"line":15,"column":77}},"type":"binary-expr","locations":[{"start":{"line":15,"column":55},"end":{"line":15,"column":77}},{"start":{"line":15,"column":75},"end":{"line":15,"column":77}}]},"7":{"loc":{"start":{"line":15,"column":55},"end":{"line":15,"column":75}},"type":"cond-expr","locations":[{"start":{"line":15,"column":69},"end":{"line":15,"column":71}},{"start":{"line":15,"column":69},"end":{"line":15,"column":75}}]},"8":{"loc":{"start":{"line":15,"column":55},"end":{"line":15,"column":71}},"type":"binary-expr","locations":[{"start":{"line":15,"column":55},"end":{"line":15,"column":71}},{"start":{"line":15,"column":69},"end":{"line":15,"column":71}}]},"9":{"loc":{"start":{"line":27,"column":6},"end":{"line":31,"column":7}},"type":"if","locations":[{"start":{"line":27,"column":6},"end":{"line":31,"column":7}},{"start":{},"end":{}}]},"10":{"loc":{"start":{"line":29,"column":11},"end":{"line":29,"column":44}},"type":"binary-expr","locations":[{"start":{"line":29,"column":11},"end":{"line":29,"column":33}},{"start":{"line":29,"column":37},"end":{"line":29,"column":44}}]},"11":{"loc":{"start":{"line":29,"column":11},"end":{"line":29,"column":33}},"type":"cond-expr","locations":[{"start":{"line":29,"column":25},"end":{"line":29,"column":27}},{"start":{"line":29,"column":25},"end":{"line":29,"column":33}}]},"12":{"loc":{"start":{"line":29,"column":11},"end":{"line":29,"column":27}},"type":"binary-expr","locations":[{"start":{"line":29,"column":11},"end":{"line":29,"column":27}},{"start":{"line":29,"column":25},"end":{"line":29,"column":27}}]},"13":{"loc":{"start":{"line":29,"column":55},"end":{"line":29,"column":124}},"type":"binary-expr","locations":[{"start":{"line":29,"column":55},"end":{"line":29,"column":84}},{"start":{"line":29,"column":88},"end":{"line":29,"column":101}},{"start":{"line":29,"column":105},"end":{"line":29,"column":124}}]},"14":{"loc":{"start":{"line":29,"column":55},"end":{"line":29,"column":84}},"type":"cond-expr","locations":[{"start":{"line":29,"column":75},"end":{"line":29,"column":77}},{"start":{"line":29,"column":75},"end":{"line":29,"column":84}}]},"15":{"loc":{"start":{"line":29,"column":55},"end":{"line":29,"column":77}},"type":"binary-expr","locations":[{"start":{"line":29,"column":55},"end":{"line":29,"column":77}},{"start":{"line":29,"column":75},"end":{"line":29,"column":77}}]},"16":{"loc":{"start":{"line":29,"column":55},"end":{"line":29,"column":75}},"type":"cond-expr","locations":[{"start":{"line":29,"column":69},"end":{"line":29,"column":71}},{"start":{"line":29,"column":69},"end":{"line":29,"column":75}}]},"17":{"loc":{"start":{"line":29,"column":55},"end":{"line":29,"column":71}},"type":"binary-expr","locations":[{"start":{"line":29,"column":55},"end":{"line":29,"column":71}},{"start":{"line":29,"column":69},"end":{"line":29,"column":71}}]},"18":{"loc":{"start":{"line":42,"column":6},"end":{"line":46,"column":7}},"type":"if","locations":[{"start":{"line":42,"column":6},"end":{"line":46,"column":7}},{"start":{},"end":{}}]},"19":{"loc":{"start":{"line":44,"column":11},"end":{"line":44,"column":44}},"type":"binary-expr","locations":[{"start":{"line":44,"column":11},"end":{"line":44,"column":33}},{"start":{"line":44,"column":37},"end":{"line":44,"column":44}}]},"20":{"loc":{"start":{"line":44,"column":11},"end":{"line":44,"column":33}},"type":"cond-expr","locations":[{"start":{"line":44,"column":25},"end":{"line":44,"column":27}},{"start":{"line":44,"column":25},"end":{"line":44,"column":33}}]},"21":{"loc":{"start":{"line":44,"column":11},"end":{"line":44,"column":27}},"type":"binary-expr","locations":[{"start":{"line":44,"column":11},"end":{"line":44,"column":27}},{"start":{"line":44,"column":25},"end":{"line":44,"column":27}}]},"22":{"loc":{"start":{"line":44,"column":55},"end":{"line":44,"column":124}},"type":"binary-expr","locations":[{"start":{"line":44,"column":55},"end":{"line":44,"column":84}},{"start":{"line":44,"column":88},"end":{"line":44,"column":101}},{"start":{"line":44,"column":105},"end":{"line":44,"column":124}}]},"23":{"loc":{"start":{"line":44,"column":55},"end":{"line":44,"column":84}},"type":"cond-expr","locations":[{"start":{"line":44,"column":75},"end":{"line":44,"column":77}},{"start":{"line":44,"column":75},"end":{"line":44,"column":84}}]},"24":{"loc":{"start":{"line":44,"column":55},"end":{"line":44,"column":77}},"type":"binary-expr","locations":[{"start":{"line":44,"column":55},"end":{"line":44,"column":77}},{"start":{"line":44,"column":75},"end":{"line":44,"column":77}}]},"25":{"loc":{"start":{"line":44,"column":55},"end":{"line":44,"column":75}},"type":"cond-expr","locations":[{"start":{"line":44,"column":69},"end":{"line":44,"column":71}},{"start":{"line":44,"column":69},"end":{"line":44,"column":75}}]},"26":{"loc":{"start":{"line":44,"column":55},"end":{"line":44,"column":71}},"type":"binary-expr","locations":[{"start":{"line":44,"column":55},"end":{"line":44,"column":71}},{"start":{"line":44,"column":69},"end":{"line":44,"column":71}}]},"27":{"loc":{"start":{"line":57,"column":6},"end":{"line":61,"column":7}},"type":"if","locations":[{"start":{"line":57,"column":6},"end":{"line":61,"column":7}},{"start":{},"end":{}}]},"28":{"loc":{"start":{"line":59,"column":11},"end":{"line":59,"column":44}},"type":"binary-expr","locations":[{"start":{"line":59,"column":11},"end":{"line":59,"column":33}},{"start":{"line":59,"column":37},"end":{"line":59,"column":44}}]},"29":{"loc":{"start":{"line":59,"column":11},"end":{"line":59,"column":33}},"type":"cond-expr","locations":[{"start":{"line":59,"column":25},"end":{"line":59,"column":27}},{"start":{"line":59,"column":25},"end":{"line":59,"column":33}}]},"30":{"loc":{"start":{"line":59,"column":11},"end":{"line":59,"column":27}},"type":"binary-expr","locations":[{"start":{"line":59,"column":11},"end":{"line":59,"column":27}},{"start":{"line":59,"column":25},"end":{"line":59,"column":27}}]},"31":{"loc":{"start":{"line":59,"column":55},"end":{"line":59,"column":124}},"type":"binary-expr","locations":[{"start":{"line":59,"column":55},"end":{"line":59,"column":84}},{"start":{"line":59,"column":88},"end":{"line":59,"column":101}},{"start":{"line":59,"column":105},"end":{"line":59,"column":124}}]},"32":{"loc":{"start":{"line":59,"column":55},"end":{"line":59,"column":84}},"type":"cond-expr","locations":[{"start":{"line":59,"column":75},"end":{"line":59,"column":77}},{"start":{"line":59,"column":75},"end":{"line":59,"column":84}}]},"33":{"loc":{"start":{"line":59,"column":55},"end":{"line":59,"column":77}},"type":"binary-expr","locations":[{"start":{"line":59,"column":55},"end":{"line":59,"column":77}},{"start":{"line":59,"column":75},"end":{"line":59,"column":77}}]},"34":{"loc":{"start":{"line":59,"column":55},"end":{"line":59,"column":75}},"type":"cond-expr","locations":[{"start":{"line":59,"column":69},"end":{"line":59,"column":71}},{"start":{"line":59,"column":69},"end":{"line":59,"column":75}}]},"35":{"loc":{"start":{"line":59,"column":55},"end":{"line":59,"column":71}},"type":"binary-expr","locations":[{"start":{"line":59,"column":55},"end":{"line":59,"column":71}},{"start":{"line":59,"column":69},"end":{"line":59,"column":71}}]},"36":{"loc":{"start":{"line":73,"column":6},"end":{"line":77,"column":7}},"type":"if","locations":[{"start":{"line":73,"column":6},"end":{"line":77,"column":7}},{"start":{},"end":{}}]},"37":{"loc":{"start":{"line":75,"column":11},"end":{"line":75,"column":44}},"type":"binary-expr","locations":[{"start":{"line":75,"column":11},"end":{"line":75,"column":33}},{"start":{"line":75,"column":37},"end":{"line":75,"column":44}}]},"38":{"loc":{"start":{"line":75,"column":11},"end":{"line":75,"column":33}},"type":"cond-expr","locations":[{"start":{"line":75,"column":25},"end":{"line":75,"column":27}},{"start":{"line":75,"column":25},"end":{"line":75,"column":33}}]},"39":{"loc":{"start":{"line":75,"column":11},"end":{"line":75,"column":27}},"type":"binary-expr","locations":[{"start":{"line":75,"column":11},"end":{"line":75,"column":27}},{"start":{"line":75,"column":25},"end":{"line":75,"column":27}}]},"40":{"loc":{"start":{"line":75,"column":55},"end":{"line":75,"column":124}},"type":"binary-expr","locations":[{"start":{"line":75,"column":55},"end":{"line":75,"column":84}},{"start":{"line":75,"column":88},"end":{"line":75,"column":101}},{"start":{"line":75,"column":105},"end":{"line":75,"column":124}}]},"41":{"loc":{"start":{"line":75,"column":55},"end":{"line":75,"column":84}},"type":"cond-expr","locations":[{"start":{"line":75,"column":75},"end":{"line":75,"column":77}},{"start":{"line":75,"column":75},"end":{"line":75,"column":84}}]},"42":{"loc":{"start":{"line":75,"column":55},"end":{"line":75,"column":77}},"type":"binary-expr","locations":[{"start":{"line":75,"column":55},"end":{"line":75,"column":77}},{"start":{"line":75,"column":75},"end":{"line":75,"column":77}}]},"43":{"loc":{"start":{"line":75,"column":55},"end":{"line":75,"column":75}},"type":"cond-expr","locations":[{"start":{"line":75,"column":69},"end":{"line":75,"column":71}},{"start":{"line":75,"column":69},"end":{"line":75,"column":75}}]},"44":{"loc":{"start":{"line":75,"column":55},"end":{"line":75,"column":71}},"type":"binary-expr","locations":[{"start":{"line":75,"column":55},"end":{"line":75,"column":71}},{"start":{"line":75,"column":69},"end":{"line":75,"column":71}}]},"45":{"loc":{"start":{"line":89,"column":6},"end":{"line":93,"column":7}},"type":"if","locations":[{"start":{"line":89,"column":6},"end":{"line":93,"column":7}},{"start":{},"end":{}}]},"46":{"loc":{"start":{"line":91,"column":11},"end":{"line":91,"column":44}},"type":"binary-expr","locations":[{"start":{"line":91,"column":11},"end":{"line":91,"column":33}},{"start":{"line":91,"column":37},"end":{"line":91,"column":44}}]},"47":{"loc":{"start":{"line":91,"column":11},"end":{"line":91,"column":33}},"type":"cond-expr","locations":[{"start":{"line":91,"column":25},"end":{"line":91,"column":27}},{"start":{"line":91,"column":25},"end":{"line":91,"column":33}}]},"48":{"loc":{"start":{"line":91,"column":11},"end":{"line":91,"column":27}},"type":"binary-expr","locations":[{"start":{"line":91,"column":11},"end":{"line":91,"column":27}},{"start":{"line":91,"column":25},"end":{"line":91,"column":27}}]},"49":{"loc":{"start":{"line":91,"column":55},"end":{"line":91,"column":124}},"type":"binary-expr","locations":[{"start":{"line":91,"column":55},"end":{"line":91,"column":84}},{"start":{"line":91,"column":88},"end":{"line":91,"column":101}},{"start":{"line":91,"column":105},"end":{"line":91,"column":124}}]},"50":{"loc":{"start":{"line":91,"column":55},"end":{"line":91,"column":84}},"type":"cond-expr","locations":[{"start":{"line":91,"column":75},"end":{"line":91,"column":77}},{"start":{"line":91,"column":75},"end":{"line":91,"column":84}}]},"51":{"loc":{"start":{"line":91,"column":55},"end":{"line":91,"column":77}},"type":"binary-expr","locations":[{"start":{"line":91,"column":55},"end":{"line":91,"column":77}},{"start":{"line":91,"column":75},"end":{"line":91,"column":77}}]},"52":{"loc":{"start":{"line":91,"column":55},"end":{"line":91,"column":75}},"type":"cond-expr","locations":[{"start":{"line":91,"column":69},"end":{"line":91,"column":71}},{"start":{"line":91,"column":69},"end":{"line":91,"column":75}}]},"53":{"loc":{"start":{"line":91,"column":55},"end":{"line":91,"column":71}},"type":"binary-expr","locations":[{"start":{"line":91,"column":55},"end":{"line":91,"column":71}},{"start":{"line":91,"column":69},"end":{"line":91,"column":71}}]},"54":{"loc":{"start":{"line":103,"column":6},"end":{"line":107,"column":7}},"type":"if","locations":[{"start":{"line":103,"column":6},"end":{"line":107,"column":7}},{"start":{},"end":{}}]},"55":{"loc":{"start":{"line":105,"column":11},"end":{"line":105,"column":44}},"type":"binary-expr","locations":[{"start":{"line":105,"column":11},"end":{"line":105,"column":33}},{"start":{"line":105,"column":37},"end":{"line":105,"column":44}}]},"56":{"loc":{"start":{"line":105,"column":11},"end":{"line":105,"column":33}},"type":"cond-expr","locations":[{"start":{"line":105,"column":25},"end":{"line":105,"column":27}},{"start":{"line":105,"column":25},"end":{"line":105,"column":33}}]},"57":{"loc":{"start":{"line":105,"column":11},"end":{"line":105,"column":27}},"type":"binary-expr","locations":[{"start":{"line":105,"column":11},"end":{"line":105,"column":27}},{"start":{"line":105,"column":25},"end":{"line":105,"column":27}}]},"58":{"loc":{"start":{"line":105,"column":55},"end":{"line":105,"column":124}},"type":"binary-expr","locations":[{"start":{"line":105,"column":55},"end":{"line":105,"column":84}},{"start":{"line":105,"column":88},"end":{"line":105,"column":101}},{"start":{"line":105,"column":105},"end":{"line":105,"column":124}}]},"59":{"loc":{"start":{"line":105,"column":55},"end":{"line":105,"column":84}},"type":"cond-expr","locations":[{"start":{"line":105,"column":75},"end":{"line":105,"column":77}},{"start":{"line":105,"column":75},"end":{"line":105,"column":84}}]},"60":{"loc":{"start":{"line":105,"column":55},"end":{"line":105,"column":77}},"type":"binary-expr","locations":[{"start":{"line":105,"column":55},"end":{"line":105,"column":77}},{"start":{"line":105,"column":75},"end":{"line":105,"column":77}}]},"61":{"loc":{"start":{"line":105,"column":55},"end":{"line":105,"column":75}},"type":"cond-expr","locations":[{"start":{"line":105,"column":69},"end":{"line":105,"column":71}},{"start":{"line":105,"column":69},"end":{"line":105,"column":75}}]},"62":{"loc":{"start":{"line":105,"column":55},"end":{"line":105,"column":71}},"type":"binary-expr","locations":[{"start":{"line":105,"column":55},"end":{"line":105,"column":71}},{"start":{"line":105,"column":69},"end":{"line":105,"column":71}}]}},"s":{"0":0,"1":0,"2":0,"3":0,"4":0,"5":0,"6":0,"7":0,"8":0,"9":0,"10":0,"11":0,"12":0,"13":0,"14":0,"15":0,"16":0,"17":0,"18":0,"19":0,"20":0,"21":0,"22":0,"23":0,"24":0,"25":0,"26":0,"27":0,"28":0,"29":0,"30":0,"31":0,"32":0,"33":0,"34":0,"35":0,"36":0,"37":0,"38":0,"39":0,"40":0,"41":0,"42":0,"43":0,"44":0,"45":0,"46":0,"47":0,"48":0,"49":0,"50":0},"f":{"0":0,"1":0,"2":0,"3":0,"4":0,"5":0,"6":0},"b":{"0":[0,0],"1":[0,0],"2":[0,0],"3":[0,0],"4":[0,0,0],"5":[0,0],"6":[0,0],"7":[0,0],"8":[0,0],"9":[0,0],"10":[0,0],"11":[0,0],"12":[0,0],"13":[0,0,0],"14":[0,0],"15":[0,0],"16":[0,0],"17":[0,0],"18":[0,0],"19":[0,0],"20":[0,0],"21":[0,0],"22":[0,0,0],"23":[0,0],"24":[0,0],"25":[0,0],"26":[0,0],"27":[0,0],"28":[0,0],"29":[0,0],"30":[0,0],"31":[0,0,0],"32":[0,0],"33":[0,0],"34":[0,0],"35":[0,0],"36":[0,0],"37":[0,0],"38":[0,0],"39":[0,0],"40":[0,0,0],"41":[0,0],"42":[0,0],"43":[0,0],"44":[0,0],"45":[0,0],"46":[0,0],"47":[0,0],"48":[0,0],"49":[0,0,0],"50":[0,0],"51":[0,0],"52":[0,0],"53":[0,0],"54":[0,0],"55":[0,0],"56":[0,0],"57":[0,0],"58":[0,0,0],"59":[0,0],"60":[0,0],"61":[0,0],"62":[0,0]}}
,"C:\\Users\\Bryan\\Documents\\GitHub\\Quint-Accounting-Fe\\src\\services\\cuentas\\mayorizacion.service.ts": {"path":"C:\\Users\\Bryan\\Documents\\GitHub\\Quint-Accounting-Fe\\src\\services\\cuentas\\mayorizacion.service.ts","statementMap":{"0":{"start":{"line":5,"column":0},"end":{"line":5,"column":30}},"1":{"start":{"line":12,"column":4},"end":{"line":32,"column":5}},"2":{"start":{"line":13,"column":23},"end":{"line":20,"column":null}},"3":{"start":{"line":22,"column":6},"end":{"line":22,"column":18}},"4":{"start":{"line":24,"column":6},"end":{"line":30,"column":7}},"5":{"start":{"line":26,"column":10},"end":{"line":26,"column":125}},"6":{"start":{"line":27,"column":8},"end":{"line":29,"column":10}},"7":{"start":{"line":31,"column":6},"end":{"line":31,"column":69}},"8":{"start":{"line":40,"column":4},"end":{"line":61,"column":5}},"9":{"start":{"line":41,"column":23},"end":{"line":49,"column":null}},"10":{"start":{"line":51,"column":6},"end":{"line":51,"column":18}},"11":{"start":{"line":53,"column":6},"end":{"line":59,"column":7}},"12":{"start":{"line":55,"column":10},"end":{"line":55,"column":125}},"13":{"start":{"line":56,"column":8},"end":{"line":58,"column":10}},"14":{"start":{"line":60,"column":6},"end":{"line":60,"column":73}},"15":{"start":{"line":7,"column":0},"end":{"line":7,"column":13}}},"fnMap":{"0":{"name":"(anonymous_8)","decl":{"start":{"line":8,"column":9},"end":{"line":8,"column":15}},"loc":{"start":{"line":10,"column":20},"end":{"line":33,"column":null}}},"1":{"name":"(anonymous_10)","decl":{"start":{"line":35,"column":9},"end":{"line":35,"column":15}},"loc":{"start":{"line":38,"column":20},"end":{"line":62,"column":null}}}},"branchMap":{"0":{"loc":{"start":{"line":24,"column":6},"end":{"line":30,"column":7}},"type":"if","locations":[{"start":{"line":24,"column":6},"end":{"line":30,"column":7}},{"start":{},"end":{}}]},"1":{"loc":{"start":{"line":26,"column":11},"end":{"line":26,"column":44}},"type":"binary-expr","locations":[{"start":{"line":26,"column":11},"end":{"line":26,"column":33}},{"start":{"line":26,"column":37},"end":{"line":26,"column":44}}]},"2":{"loc":{"start":{"line":26,"column":11},"end":{"line":26,"column":33}},"type":"cond-expr","locations":[{"start":{"line":26,"column":25},"end":{"line":26,"column":27}},{"start":{"line":26,"column":25},"end":{"line":26,"column":33}}]},"3":{"loc":{"start":{"line":26,"column":11},"end":{"line":26,"column":27}},"type":"binary-expr","locations":[{"start":{"line":26,"column":11},"end":{"line":26,"column":27}},{"start":{"line":26,"column":25},"end":{"line":26,"column":27}}]},"4":{"loc":{"start":{"line":26,"column":55},"end":{"line":26,"column":124}},"type":"binary-expr","locations":[{"start":{"line":26,"column":55},"end":{"line":26,"column":84}},{"start":{"line":26,"column":88},"end":{"line":26,"column":101}},{"start":{"line":26,"column":105},"end":{"line":26,"column":124}}]},"5":{"loc":{"start":{"line":26,"column":55},"end":{"line":26,"column":84}},"type":"cond-expr","locations":[{"start":{"line":26,"column":75},"end":{"line":26,"column":77}},{"start":{"line":26,"column":75},"end":{"line":26,"column":84}}]},"6":{"loc":{"start":{"line":26,"column":55},"end":{"line":26,"column":77}},"type":"binary-expr","locations":[{"start":{"line":26,"column":55},"end":{"line":26,"column":77}},{"start":{"line":26,"column":75},"end":{"line":26,"column":77}}]},"7":{"loc":{"start":{"line":26,"column":55},"end":{"line":26,"column":75}},"type":"cond-expr","locations":[{"start":{"line":26,"column":69},"end":{"line":26,"column":71}},{"start":{"line":26,"column":69},"end":{"line":26,"column":75}}]},"8":{"loc":{"start":{"line":26,"column":55},"end":{"line":26,"column":71}},"type":"binary-expr","locations":[{"start":{"line":26,"column":55},"end":{"line":26,"column":71}},{"start":{"line":26,"column":69},"end":{"line":26,"column":71}}]},"9":{"loc":{"start":{"line":53,"column":6},"end":{"line":59,"column":7}},"type":"if","locations":[{"start":{"line":53,"column":6},"end":{"line":59,"column":7}},{"start":{},"end":{}}]},"10":{"loc":{"start":{"line":55,"column":11},"end":{"line":55,"column":44}},"type":"binary-expr","locations":[{"start":{"line":55,"column":11},"end":{"line":55,"column":33}},{"start":{"line":55,"column":37},"end":{"line":55,"column":44}}]},"11":{"loc":{"start":{"line":55,"column":11},"end":{"line":55,"column":33}},"type":"cond-expr","locations":[{"start":{"line":55,"column":25},"end":{"line":55,"column":27}},{"start":{"line":55,"column":25},"end":{"line":55,"column":33}}]},"12":{"loc":{"start":{"line":55,"column":11},"end":{"line":55,"column":27}},"type":"binary-expr","locations":[{"start":{"line":55,"column":11},"end":{"line":55,"column":27}},{"start":{"line":55,"column":25},"end":{"line":55,"column":27}}]},"13":{"loc":{"start":{"line":55,"column":55},"end":{"line":55,"column":124}},"type":"binary-expr","locations":[{"start":{"line":55,"column":55},"end":{"line":55,"column":84}},{"start":{"line":55,"column":88},"end":{"line":55,"column":101}},{"start":{"line":55,"column":105},"end":{"line":55,"column":124}}]},"14":{"loc":{"start":{"line":55,"column":55},"end":{"line":55,"column":84}},"type":"cond-expr","locations":[{"start":{"line":55,"column":75},"end":{"line":55,"column":77}},{"start":{"line":55,"column":75},"end":{"line":55,"column":84}}]},"15":{"loc":{"start":{"line":55,"column":55},"end":{"line":55,"column":77}},"type":"binary-expr","locations":[{"start":{"line":55,"column":55},"end":{"line":55,"column":77}},{"start":{"line":55,"column":75},"end":{"line":55,"column":77}}]},"16":{"loc":{"start":{"line":55,"column":55},"end":{"line":55,"column":75}},"type":"cond-expr","locations":[{"start":{"line":55,"column":69},"end":{"line":55,"column":71}},{"start":{"line":55,"column":69},"end":{"line":55,"column":75}}]},"17":{"loc":{"start":{"line":55,"column":55},"end":{"line":55,"column":71}},"type":"binary-expr","locations":[{"start":{"line":55,"column":55},"end":{"line":55,"column":71}},{"start":{"line":55,"column":69},"end":{"line":55,"column":71}}]}},"s":{"0":0,"1":0,"2":0,"3":0,"4":0,"5":0,"6":0,"7":0,"8":0,"9":0,"10":0,"11":0,"12":0,"13":0,"14":0,"15":0},"f":{"0":0,"1":0},"b":{"0":[0,0],"1":[0,0],"2":[0,0],"3":[0,0],"4":[0,0,0],"5":[0,0],"6":[0,0],"7":[0,0],"8":[0,0],"9":[0,0],"10":[0,0],"11":[0,0],"12":[0,0],"13":[0,0,0],"14":[0,0],"15":[0,0],"16":[0,0],"17":[0,0]}}
,"C:\\Users\\Bryan\\Documents\\GitHub\\Quint-Accounting-Fe\\src\\services\\estadisticas\\estadisticas.service.ts": {"path":"C:\\Users\\Bryan\\Documents\\GitHub\\Quint-Accounting-Fe\\src\\services\\estadisticas\\estadisticas.service.ts","statementMap":{"0":{"start":{"line":1,"column":0},"end":{"line":1,"column":30}},"1":{"start":{"line":9,"column":8},"end":{"line":20,"column":9}},"2":{"start":{"line":10,"column":29},"end":{"line":10,"column":69}},"3":{"start":{"line":11,"column":12},"end":{"line":11,"column":68}},"4":{"start":{"line":12,"column":12},"end":{"line":12,"column":33}},"5":{"start":{"line":14,"column":12},"end":{"line":18,"column":13}},"6":{"start":{"line":16,"column":20},"end":{"line":16,"column":135}},"7":{"start":{"line":17,"column":16},"end":{"line":17,"column":96}},"8":{"start":{"line":19,"column":12},"end":{"line":19,"column":87}},"9":{"start":{"line":25,"column":8},"end":{"line":36,"column":9}},"10":{"start":{"line":26,"column":29},"end":{"line":26,"column":76}},"11":{"start":{"line":27,"column":12},"end":{"line":27,"column":68}},"12":{"start":{"line":28,"column":12},"end":{"line":28,"column":33}},"13":{"start":{"line":30,"column":12},"end":{"line":34,"column":13}},"14":{"start":{"line":32,"column":20},"end":{"line":32,"column":135}},"15":{"start":{"line":33,"column":16},"end":{"line":33,"column":81}},"16":{"start":{"line":35,"column":12},"end":{"line":35,"column":79}},"17":{"start":{"line":41,"column":8},"end":{"line":52,"column":9}},"18":{"start":{"line":42,"column":29},"end":{"line":42,"column":76}},"19":{"start":{"line":43,"column":12},"end":{"line":43,"column":68}},"20":{"start":{"line":44,"column":12},"end":{"line":44,"column":33}},"21":{"start":{"line":46,"column":12},"end":{"line":50,"column":13}},"22":{"start":{"line":48,"column":20},"end":{"line":48,"column":135}},"23":{"start":{"line":49,"column":16},"end":{"line":49,"column":81}},"24":{"start":{"line":51,"column":12},"end":{"line":51,"column":79}},"25":{"start":{"line":57,"column":8},"end":{"line":68,"column":9}},"26":{"start":{"line":58,"column":29},"end":{"line":58,"column":85}},"27":{"start":{"line":59,"column":12},"end":{"line":59,"column":68}},"28":{"start":{"line":60,"column":12},"end":{"line":60,"column":33}},"29":{"start":{"line":62,"column":12},"end":{"line":66,"column":13}},"30":{"start":{"line":64,"column":20},"end":{"line":64,"column":135}},"31":{"start":{"line":65,"column":16},"end":{"line":65,"column":90}},"32":{"start":{"line":67,"column":12},"end":{"line":67,"column":88}},"33":{"start":{"line":73,"column":8},"end":{"line":84,"column":9}},"34":{"start":{"line":74,"column":29},"end":{"line":74,"column":77}},"35":{"start":{"line":75,"column":12},"end":{"line":75,"column":68}},"36":{"start":{"line":76,"column":12},"end":{"line":76,"column":33}},"37":{"start":{"line":78,"column":12},"end":{"line":82,"column":13}},"38":{"start":{"line":80,"column":20},"end":{"line":80,"column":135}},"39":{"start":{"line":81,"column":16},"end":{"line":81,"column":82}},"40":{"start":{"line":83,"column":12},"end":{"line":83,"column":80}},"41":{"start":{"line":4,"column":0},"end":{"line":4,"column":13}}},"fnMap":{"0":{"name":"(anonymous_8)","decl":{"start":{"line":6,"column":11},"end":{"line":6,"column":17}},"loc":{"start":{"line":6,"column":53},"end":{"line":21,"column":null}}},"1":{"name":"(anonymous_10)","decl":{"start":{"line":23,"column":11},"end":{"line":23,"column":17}},"loc":{"start":{"line":23,"column":36},"end":{"line":37,"column":null}}},"2":{"name":"(anonymous_12)","decl":{"start":{"line":39,"column":11},"end":{"line":39,"column":17}},"loc":{"start":{"line":39,"column":36},"end":{"line":53,"column":null}}},"3":{"name":"(anonymous_14)","decl":{"start":{"line":55,"column":11},"end":{"line":55,"column":17}},"loc":{"start":{"line":55,"column":44},"end":{"line":69,"column":null}}},"4":{"name":"(anonymous_16)","decl":{"start":{"line":71,"column":11},"end":{"line":71,"column":17}},"loc":{"start":{"line":71,"column":37},"end":{"line":85,"column":null}}}},"branchMap":{"0":{"loc":{"start":{"line":14,"column":12},"end":{"line":18,"column":13}},"type":"if","locations":[{"start":{"line":14,"column":12},"end":{"line":18,"column":13}},{"start":{},"end":{}}]},"1":{"loc":{"start":{"line":16,"column":21},"end":{"line":16,"column":54}},"type":"binary-expr","locations":[{"start":{"line":16,"column":21},"end":{"line":16,"column":43}},{"start":{"line":16,"column":47},"end":{"line":16,"column":54}}]},"2":{"loc":{"start":{"line":16,"column":21},"end":{"line":16,"column":43}},"type":"cond-expr","locations":[{"start":{"line":16,"column":35},"end":{"line":16,"column":37}},{"start":{"line":16,"column":35},"end":{"line":16,"column":43}}]},"3":{"loc":{"start":{"line":16,"column":21},"end":{"line":16,"column":37}},"type":"binary-expr","locations":[{"start":{"line":16,"column":21},"end":{"line":16,"column":37}},{"start":{"line":16,"column":35},"end":{"line":16,"column":37}}]},"4":{"loc":{"start":{"line":16,"column":65},"end":{"line":16,"column":134}},"type":"binary-expr","locations":[{"start":{"line":16,"column":65},"end":{"line":16,"column":94}},{"start":{"line":16,"column":98},"end":{"line":16,"column":111}},{"start":{"line":16,"column":115},"end":{"line":16,"column":134}}]},"5":{"loc":{"start":{"line":16,"column":65},"end":{"line":16,"column":94}},"type":"cond-expr","locations":[{"start":{"line":16,"column":85},"end":{"line":16,"column":87}},{"start":{"line":16,"column":85},"end":{"line":16,"column":94}}]},"6":{"loc":{"start":{"line":16,"column":65},"end":{"line":16,"column":87}},"type":"binary-expr","locations":[{"start":{"line":16,"column":65},"end":{"line":16,"column":87}},{"start":{"line":16,"column":85},"end":{"line":16,"column":87}}]},"7":{"loc":{"start":{"line":16,"column":65},"end":{"line":16,"column":85}},"type":"cond-expr","locations":[{"start":{"line":16,"column":79},"end":{"line":16,"column":81}},{"start":{"line":16,"column":79},"end":{"line":16,"column":85}}]},"8":{"loc":{"start":{"line":16,"column":65},"end":{"line":16,"column":81}},"type":"binary-expr","locations":[{"start":{"line":16,"column":65},"end":{"line":16,"column":81}},{"start":{"line":16,"column":79},"end":{"line":16,"column":81}}]},"9":{"loc":{"start":{"line":30,"column":12},"end":{"line":34,"column":13}},"type":"if","locations":[{"start":{"line":30,"column":12},"end":{"line":34,"column":13}},{"start":{},"end":{}}]},"10":{"loc":{"start":{"line":32,"column":21},"end":{"line":32,"column":54}},"type":"binary-expr","locations":[{"start":{"line":32,"column":21},"end":{"line":32,"column":43}},{"start":{"line":32,"column":47},"end":{"line":32,"column":54}}]},"11":{"loc":{"start":{"line":32,"column":21},"end":{"line":32,"column":43}},"type":"cond-expr","locations":[{"start":{"line":32,"column":35},"end":{"line":32,"column":37}},{"start":{"line":32,"column":35},"end":{"line":32,"column":43}}]},"12":{"loc":{"start":{"line":32,"column":21},"end":{"line":32,"column":37}},"type":"binary-expr","locations":[{"start":{"line":32,"column":21},"end":{"line":32,"column":37}},{"start":{"line":32,"column":35},"end":{"line":32,"column":37}}]},"13":{"loc":{"start":{"line":32,"column":65},"end":{"line":32,"column":134}},"type":"binary-expr","locations":[{"start":{"line":32,"column":65},"end":{"line":32,"column":94}},{"start":{"line":32,"column":98},"end":{"line":32,"column":111}},{"start":{"line":32,"column":115},"end":{"line":32,"column":134}}]},"14":{"loc":{"start":{"line":32,"column":65},"end":{"line":32,"column":94}},"type":"cond-expr","locations":[{"start":{"line":32,"column":85},"end":{"line":32,"column":87}},{"start":{"line":32,"column":85},"end":{"line":32,"column":94}}]},"15":{"loc":{"start":{"line":32,"column":65},"end":{"line":32,"column":87}},"type":"binary-expr","locations":[{"start":{"line":32,"column":65},"end":{"line":32,"column":87}},{"start":{"line":32,"column":85},"end":{"line":32,"column":87}}]},"16":{"loc":{"start":{"line":32,"column":65},"end":{"line":32,"column":85}},"type":"cond-expr","locations":[{"start":{"line":32,"column":79},"end":{"line":32,"column":81}},{"start":{"line":32,"column":79},"end":{"line":32,"column":85}}]},"17":{"loc":{"start":{"line":32,"column":65},"end":{"line":32,"column":81}},"type":"binary-expr","locations":[{"start":{"line":32,"column":65},"end":{"line":32,"column":81}},{"start":{"line":32,"column":79},"end":{"line":32,"column":81}}]},"18":{"loc":{"start":{"line":46,"column":12},"end":{"line":50,"column":13}},"type":"if","locations":[{"start":{"line":46,"column":12},"end":{"line":50,"column":13}},{"start":{},"end":{}}]},"19":{"loc":{"start":{"line":48,"column":21},"end":{"line":48,"column":54}},"type":"binary-expr","locations":[{"start":{"line":48,"column":21},"end":{"line":48,"column":43}},{"start":{"line":48,"column":47},"end":{"line":48,"column":54}}]},"20":{"loc":{"start":{"line":48,"column":21},"end":{"line":48,"column":43}},"type":"cond-expr","locations":[{"start":{"line":48,"column":35},"end":{"line":48,"column":37}},{"start":{"line":48,"column":35},"end":{"line":48,"column":43}}]},"21":{"loc":{"start":{"line":48,"column":21},"end":{"line":48,"column":37}},"type":"binary-expr","locations":[{"start":{"line":48,"column":21},"end":{"line":48,"column":37}},{"start":{"line":48,"column":35},"end":{"line":48,"column":37}}]},"22":{"loc":{"start":{"line":48,"column":65},"end":{"line":48,"column":134}},"type":"binary-expr","locations":[{"start":{"line":48,"column":65},"end":{"line":48,"column":94}},{"start":{"line":48,"column":98},"end":{"line":48,"column":111}},{"start":{"line":48,"column":115},"end":{"line":48,"column":134}}]},"23":{"loc":{"start":{"line":48,"column":65},"end":{"line":48,"column":94}},"type":"cond-expr","locations":[{"start":{"line":48,"column":85},"end":{"line":48,"column":87}},{"start":{"line":48,"column":85},"end":{"line":48,"column":94}}]},"24":{"loc":{"start":{"line":48,"column":65},"end":{"line":48,"column":87}},"type":"binary-expr","locations":[{"start":{"line":48,"column":65},"end":{"line":48,"column":87}},{"start":{"line":48,"column":85},"end":{"line":48,"column":87}}]},"25":{"loc":{"start":{"line":48,"column":65},"end":{"line":48,"column":85}},"type":"cond-expr","locations":[{"start":{"line":48,"column":79},"end":{"line":48,"column":81}},{"start":{"line":48,"column":79},"end":{"line":48,"column":85}}]},"26":{"loc":{"start":{"line":48,"column":65},"end":{"line":48,"column":81}},"type":"binary-expr","locations":[{"start":{"line":48,"column":65},"end":{"line":48,"column":81}},{"start":{"line":48,"column":79},"end":{"line":48,"column":81}}]},"27":{"loc":{"start":{"line":62,"column":12},"end":{"line":66,"column":13}},"type":"if","locations":[{"start":{"line":62,"column":12},"end":{"line":66,"column":13}},{"start":{},"end":{}}]},"28":{"loc":{"start":{"line":64,"column":21},"end":{"line":64,"column":54}},"type":"binary-expr","locations":[{"start":{"line":64,"column":21},"end":{"line":64,"column":43}},{"start":{"line":64,"column":47},"end":{"line":64,"column":54}}]},"29":{"loc":{"start":{"line":64,"column":21},"end":{"line":64,"column":43}},"type":"cond-expr","locations":[{"start":{"line":64,"column":35},"end":{"line":64,"column":37}},{"start":{"line":64,"column":35},"end":{"line":64,"column":43}}]},"30":{"loc":{"start":{"line":64,"column":21},"end":{"line":64,"column":37}},"type":"binary-expr","locations":[{"start":{"line":64,"column":21},"end":{"line":64,"column":37}},{"start":{"line":64,"column":35},"end":{"line":64,"column":37}}]},"31":{"loc":{"start":{"line":64,"column":65},"end":{"line":64,"column":134}},"type":"binary-expr","locations":[{"start":{"line":64,"column":65},"end":{"line":64,"column":94}},{"start":{"line":64,"column":98},"end":{"line":64,"column":111}},{"start":{"line":64,"column":115},"end":{"line":64,"column":134}}]},"32":{"loc":{"start":{"line":64,"column":65},"end":{"line":64,"column":94}},"type":"cond-expr","locations":[{"start":{"line":64,"column":85},"end":{"line":64,"column":87}},{"start":{"line":64,"column":85},"end":{"line":64,"column":94}}]},"33":{"loc":{"start":{"line":64,"column":65},"end":{"line":64,"column":87}},"type":"binary-expr","locations":[{"start":{"line":64,"column":65},"end":{"line":64,"column":87}},{"start":{"line":64,"column":85},"end":{"line":64,"column":87}}]},"34":{"loc":{"start":{"line":64,"column":65},"end":{"line":64,"column":85}},"type":"cond-expr","locations":[{"start":{"line":64,"column":79},"end":{"line":64,"column":81}},{"start":{"line":64,"column":79},"end":{"line":64,"column":85}}]},"35":{"loc":{"start":{"line":64,"column":65},"end":{"line":64,"column":81}},"type":"binary-expr","locations":[{"start":{"line":64,"column":65},"end":{"line":64,"column":81}},{"start":{"line":64,"column":79},"end":{"line":64,"column":81}}]},"36":{"loc":{"start":{"line":78,"column":12},"end":{"line":82,"column":13}},"type":"if","locations":[{"start":{"line":78,"column":12},"end":{"line":82,"column":13}},{"start":{},"end":{}}]},"37":{"loc":{"start":{"line":80,"column":21},"end":{"line":80,"column":54}},"type":"binary-expr","locations":[{"start":{"line":80,"column":21},"end":{"line":80,"column":43}},{"start":{"line":80,"column":47},"end":{"line":80,"column":54}}]},"38":{"loc":{"start":{"line":80,"column":21},"end":{"line":80,"column":43}},"type":"cond-expr","locations":[{"start":{"line":80,"column":35},"end":{"line":80,"column":37}},{"start":{"line":80,"column":35},"end":{"line":80,"column":43}}]},"39":{"loc":{"start":{"line":80,"column":21},"end":{"line":80,"column":37}},"type":"binary-expr","locations":[{"start":{"line":80,"column":21},"end":{"line":80,"column":37}},{"start":{"line":80,"column":35},"end":{"line":80,"column":37}}]},"40":{"loc":{"start":{"line":80,"column":65},"end":{"line":80,"column":134}},"type":"binary-expr","locations":[{"start":{"line":80,"column":65},"end":{"line":80,"column":94}},{"start":{"line":80,"column":98},"end":{"line":80,"column":111}},{"start":{"line":80,"column":115},"end":{"line":80,"column":134}}]},"41":{"loc":{"start":{"line":80,"column":65},"end":{"line":80,"column":94}},"type":"cond-expr","locations":[{"start":{"line":80,"column":85},"end":{"line":80,"column":87}},{"start":{"line":80,"column":85},"end":{"line":80,"column":94}}]},"42":{"loc":{"start":{"line":80,"column":65},"end":{"line":80,"column":87}},"type":"binary-expr","locations":[{"start":{"line":80,"column":65},"end":{"line":80,"column":87}},{"start":{"line":80,"column":85},"end":{"line":80,"column":87}}]},"43":{"loc":{"start":{"line":80,"column":65},"end":{"line":80,"column":85}},"type":"cond-expr","locations":[{"start":{"line":80,"column":79},"end":{"line":80,"column":81}},{"start":{"line":80,"column":79},"end":{"line":80,"column":85}}]},"44":{"loc":{"start":{"line":80,"column":65},"end":{"line":80,"column":81}},"type":"binary-expr","locations":[{"start":{"line":80,"column":65},"end":{"line":80,"column":81}},{"start":{"line":80,"column":79},"end":{"line":80,"column":81}}]}},"s":{"0":1,"1":4,"2":4,"3":2,"4":2,"5":2,"6":2,"7":2,"8":0,"9":2,"10":2,"11":2,"12":2,"13":0,"14":0,"15":0,"16":0,"17":2,"18":2,"19":2,"20":2,"21":0,"22":0,"23":0,"24":0,"25":2,"26":2,"27":2,"28":2,"29":0,"30":0,"31":0,"32":0,"33":2,"34":2,"35":2,"36":2,"37":0,"38":0,"39":0,"40":0,"41":1},"f":{"0":4,"1":2,"2":2,"3":2,"4":2},"b":{"0":[2,0],"1":[2,0],"2":[0,2],"3":[2,2],"4":[2,0,0],"5":[0,2],"6":[2,2],"7":[0,2],"8":[2,2],"9":[0,0],"10":[0,0],"11":[0,0],"12":[0,0],"13":[0,0,0],"14":[0,0],"15":[0,0],"16":[0,0],"17":[0,0],"18":[0,0],"19":[0,0],"20":[0,0],"21":[0,0],"22":[0,0,0],"23":[0,0],"24":[0,0],"25":[0,0],"26":[0,0],"27":[0,0],"28":[0,0],"29":[0,0],"30":[0,0],"31":[0,0,0],"32":[0,0],"33":[0,0],"34":[0,0],"35":[0,0],"36":[0,0],"37":[0,0],"38":[0,0],"39":[0,0],"40":[0,0,0],"41":[0,0],"42":[0,0],"43":[0,0],"44":[0,0]}}
,"C:\\Users\\Bryan\\Documents\\GitHub\\Quint-Accounting-Fe\\src\\services\\libroDiario\\libroDiario.service.ts": {"path":"C:\\Users\\Bryan\\Documents\\GitHub\\Quint-Accounting-Fe\\src\\services\\libroDiario\\libroDiario.service.ts","statementMap":{"0":{"start":{"line":1,"column":0},"end":{"line":1,"column":30}},"1":{"start":{"line":6,"column":4},"end":{"line":16,"column":5}},"2":{"start":{"line":7,"column":23},"end":{"line":7,"column":75}},"3":{"start":{"line":8,"column":6},"end":{"line":8,"column":18}},"4":{"start":{"line":10,"column":6},"end":{"line":14,"column":7}},"5":{"start":{"line":12,"column":10},"end":{"line":12,"column":125}},"6":{"start":{"line":13,"column":8},"end":{"line":13,"column":69}},"7":{"start":{"line":15,"column":6},"end":{"line":15,"column":67}},"8":{"start":{"line":20,"column":4},"end":{"line":35,"column":5}},"9":{"start":{"line":21,"column":23},"end":{"line":26,"column":8}},"10":{"start":{"line":27,"column":6},"end":{"line":27,"column":18}},"11":{"start":{"line":29,"column":6},"end":{"line":33,"column":7}},"12":{"start":{"line":31,"column":10},"end":{"line":31,"column":125}},"13":{"start":{"line":32,"column":8},"end":{"line":32,"column":89}},"14":{"start":{"line":34,"column":6},"end":{"line":34,"column":87}},"15":{"start":{"line":39,"column":4},"end":{"line":51,"column":5}},"16":{"start":{"line":40,"column":23},"end":{"line":42,"column":8}},"17":{"start":{"line":43,"column":6},"end":{"line":43,"column":18}},"18":{"start":{"line":45,"column":6},"end":{"line":49,"column":7}},"19":{"start":{"line":47,"column":10},"end":{"line":47,"column":125}},"20":{"start":{"line":48,"column":8},"end":{"line":48,"column":80}},"21":{"start":{"line":50,"column":6},"end":{"line":50,"column":78}},"22":{"start":{"line":4,"column":0},"end":{"line":4,"column":13}}},"fnMap":{"0":{"name":"(anonymous_8)","decl":{"start":{"line":5,"column":9},"end":{"line":5,"column":15}},"loc":{"start":{"line":5,"column":40},"end":{"line":17,"column":null}}},"1":{"name":"(anonymous_10)","decl":{"start":{"line":19,"column":9},"end":{"line":19,"column":15}},"loc":{"start":{"line":19,"column":92},"end":{"line":36,"column":null}}},"2":{"name":"(anonymous_12)","decl":{"start":{"line":38,"column":9},"end":{"line":38,"column":15}},"loc":{"start":{"line":38,"column":70},"end":{"line":52,"column":null}}}},"branchMap":{"0":{"loc":{"start":{"line":10,"column":6},"end":{"line":14,"column":7}},"type":"if","locations":[{"start":{"line":10,"column":6},"end":{"line":14,"column":7}},{"start":{},"end":{}}]},"1":{"loc":{"start":{"line":12,"column":11},"end":{"line":12,"column":44}},"type":"binary-expr","locations":[{"start":{"line":12,"column":11},"end":{"line":12,"column":33}},{"start":{"line":12,"column":37},"end":{"line":12,"column":44}}]},"2":{"loc":{"start":{"line":12,"column":11},"end":{"line":12,"column":33}},"type":"cond-expr","locations":[{"start":{"line":12,"column":25},"end":{"line":12,"column":27}},{"start":{"line":12,"column":25},"end":{"line":12,"column":33}}]},"3":{"loc":{"start":{"line":12,"column":11},"end":{"line":12,"column":27}},"type":"binary-expr","locations":[{"start":{"line":12,"column":11},"end":{"line":12,"column":27}},{"start":{"line":12,"column":25},"end":{"line":12,"column":27}}]},"4":{"loc":{"start":{"line":12,"column":55},"end":{"line":12,"column":124}},"type":"binary-expr","locations":[{"start":{"line":12,"column":55},"end":{"line":12,"column":84}},{"start":{"line":12,"column":88},"end":{"line":12,"column":101}},{"start":{"line":12,"column":105},"end":{"line":12,"column":124}}]},"5":{"loc":{"start":{"line":12,"column":55},"end":{"line":12,"column":84}},"type":"cond-expr","locations":[{"start":{"line":12,"column":75},"end":{"line":12,"column":77}},{"start":{"line":12,"column":75},"end":{"line":12,"column":84}}]},"6":{"loc":{"start":{"line":12,"column":55},"end":{"line":12,"column":77}},"type":"binary-expr","locations":[{"start":{"line":12,"column":55},"end":{"line":12,"column":77}},{"start":{"line":12,"column":75},"end":{"line":12,"column":77}}]},"7":{"loc":{"start":{"line":12,"column":55},"end":{"line":12,"column":75}},"type":"cond-expr","locations":[{"start":{"line":12,"column":69},"end":{"line":12,"column":71}},{"start":{"line":12,"column":69},"end":{"line":12,"column":75}}]},"8":{"loc":{"start":{"line":12,"column":55},"end":{"line":12,"column":71}},"type":"binary-expr","locations":[{"start":{"line":12,"column":55},"end":{"line":12,"column":71}},{"start":{"line":12,"column":69},"end":{"line":12,"column":71}}]},"9":{"loc":{"start":{"line":29,"column":6},"end":{"line":33,"column":7}},"type":"if","locations":[{"start":{"line":29,"column":6},"end":{"line":33,"column":7}},{"start":{},"end":{}}]},"10":{"loc":{"start":{"line":31,"column":11},"end":{"line":31,"column":44}},"type":"binary-expr","locations":[{"start":{"line":31,"column":11},"end":{"line":31,"column":33}},{"start":{"line":31,"column":37},"end":{"line":31,"column":44}}]},"11":{"loc":{"start":{"line":31,"column":11},"end":{"line":31,"column":33}},"type":"cond-expr","locations":[{"start":{"line":31,"column":25},"end":{"line":31,"column":27}},{"start":{"line":31,"column":25},"end":{"line":31,"column":33}}]},"12":{"loc":{"start":{"line":31,"column":11},"end":{"line":31,"column":27}},"type":"binary-expr","locations":[{"start":{"line":31,"column":11},"end":{"line":31,"column":27}},{"start":{"line":31,"column":25},"end":{"line":31,"column":27}}]},"13":{"loc":{"start":{"line":31,"column":55},"end":{"line":31,"column":124}},"type":"binary-expr","locations":[{"start":{"line":31,"column":55},"end":{"line":31,"column":84}},{"start":{"line":31,"column":88},"end":{"line":31,"column":101}},{"start":{"line":31,"column":105},"end":{"line":31,"column":124}}]},"14":{"loc":{"start":{"line":31,"column":55},"end":{"line":31,"column":84}},"type":"cond-expr","locations":[{"start":{"line":31,"column":75},"end":{"line":31,"column":77}},{"start":{"line":31,"column":75},"end":{"line":31,"column":84}}]},"15":{"loc":{"start":{"line":31,"column":55},"end":{"line":31,"column":77}},"type":"binary-expr","locations":[{"start":{"line":31,"column":55},"end":{"line":31,"column":77}},{"start":{"line":31,"column":75},"end":{"line":31,"column":77}}]},"16":{"loc":{"start":{"line":31,"column":55},"end":{"line":31,"column":75}},"type":"cond-expr","locations":[{"start":{"line":31,"column":69},"end":{"line":31,"column":71}},{"start":{"line":31,"column":69},"end":{"line":31,"column":75}}]},"17":{"loc":{"start":{"line":31,"column":55},"end":{"line":31,"column":71}},"type":"binary-expr","locations":[{"start":{"line":31,"column":55},"end":{"line":31,"column":71}},{"start":{"line":31,"column":69},"end":{"line":31,"column":71}}]},"18":{"loc":{"start":{"line":45,"column":6},"end":{"line":49,"column":7}},"type":"if","locations":[{"start":{"line":45,"column":6},"end":{"line":49,"column":7}},{"start":{},"end":{}}]},"19":{"loc":{"start":{"line":47,"column":11},"end":{"line":47,"column":44}},"type":"binary-expr","locations":[{"start":{"line":47,"column":11},"end":{"line":47,"column":33}},{"start":{"line":47,"column":37},"end":{"line":47,"column":44}}]},"20":{"loc":{"start":{"line":47,"column":11},"end":{"line":47,"column":33}},"type":"cond-expr","locations":[{"start":{"line":47,"column":25},"end":{"line":47,"column":27}},{"start":{"line":47,"column":25},"end":{"line":47,"column":33}}]},"21":{"loc":{"start":{"line":47,"column":11},"end":{"line":47,"column":27}},"type":"binary-expr","locations":[{"start":{"line":47,"column":11},"end":{"line":47,"column":27}},{"start":{"line":47,"column":25},"end":{"line":47,"column":27}}]},"22":{"loc":{"start":{"line":47,"column":55},"end":{"line":47,"column":124}},"type":"binary-expr","locations":[{"start":{"line":47,"column":55},"end":{"line":47,"column":84}},{"start":{"line":47,"column":88},"end":{"line":47,"column":101}},{"start":{"line":47,"column":105},"end":{"line":47,"column":124}}]},"23":{"loc":{"start":{"line":47,"column":55},"end":{"line":47,"column":84}},"type":"cond-expr","locations":[{"start":{"line":47,"column":75},"end":{"line":47,"column":77}},{"start":{"line":47,"column":75},"end":{"line":47,"column":84}}]},"24":{"loc":{"start":{"line":47,"column":55},"end":{"line":47,"column":77}},"type":"binary-expr","locations":[{"start":{"line":47,"column":55},"end":{"line":47,"column":77}},{"start":{"line":47,"column":75},"end":{"line":47,"column":77}}]},"25":{"loc":{"start":{"line":47,"column":55},"end":{"line":47,"column":75}},"type":"cond-expr","locations":[{"start":{"line":47,"column":69},"end":{"line":47,"column":71}},{"start":{"line":47,"column":69},"end":{"line":47,"column":75}}]},"26":{"loc":{"start":{"line":47,"column":55},"end":{"line":47,"column":71}},"type":"binary-expr","locations":[{"start":{"line":47,"column":55},"end":{"line":47,"column":71}},{"start":{"line":47,"column":69},"end":{"line":47,"column":71}}]}},"s":{"0":1,"1":4,"2":4,"3":2,"4":2,"5":2,"6":2,"7":0,"8":4,"9":4,"10":2,"11":2,"12":2,"13":2,"14":0,"15":4,"16":4,"17":3,"18":1,"19":1,"20":1,"21":0,"22":1},"f":{"0":4,"1":4,"2":4},"b":{"0":[2,0],"1":[2,0],"2":[0,2],"3":[2,2],"4":[2,0,0],"5":[0,2],"6":[2,2],"7":[0,2],"8":[2,2],"9":[2,0],"10":[2,0],"11":[0,2],"12":[2,2],"13":[2,0,0],"14":[0,2],"15":[2,2],"16":[0,2],"17":[2,2],"18":[1,0],"19":[1,0],"20":[0,1],"21":[1,1],"22":[1,0,0],"23":[0,1],"24":[1,1],"25":[0,1],"26":[1,1]}}
}
