TN:
SF:src\services\asientos\asientos.service.ts
FN:7,(anonymous_8)
FN:28,(anonymous_10)
FN:48,(anonymous_12)
FNF:3
FNH:3
FNDA:4,(anonymous_8)
FNDA:3,(anonymous_10)
FNDA:3,(anonymous_12)
DA:3,1
DA:6,1
DA:10,4
DA:11,4
DA:15,1
DA:16,1
DA:18,3
DA:21,2
DA:22,2
DA:24,1
DA:31,3
DA:32,3
DA:35,1
DA:36,1
DA:38,2
DA:41,2
DA:42,2
DA:44,0
DA:54,3
DA:55,3
DA:64,1
DA:65,1
DA:67,2
DA:69,2
DA:70,2
DA:72,0
LF:26
LH:24
BRDA:18,0,0,2
BRDA:18,0,1,1
BRDA:21,1,0,2
BRDA:21,1,1,0
BRDA:21,2,0,0
BRDA:21,2,1,2
BRDA:21,3,0,2
BRDA:21,3,1,2
BRDA:21,4,0,2
BRDA:21,4,1,0
BRDA:21,4,2,0
BRDA:21,5,0,0
BRDA:21,5,1,2
BRDA:21,6,0,2
BRDA:21,6,1,2
BRDA:21,7,0,0
BRDA:21,7,1,2
BRDA:21,8,0,2
BRDA:21,8,1,2
BRDA:38,9,0,2
BRDA:38,9,1,0
BRDA:41,10,0,2
BRDA:41,10,1,0
BRDA:41,11,0,0
BRDA:41,11,1,2
BRDA:41,12,0,2
BRDA:41,12,1,2
BRDA:41,13,0,2
BRDA:41,13,1,0
BRDA:41,13,2,0
BRDA:41,14,0,0
BRDA:41,14,1,2
BRDA:41,15,0,2
BRDA:41,15,1,2
BRDA:41,16,0,0
BRDA:41,16,1,2
BRDA:41,17,0,2
BRDA:41,17,1,2
BRDA:67,18,0,2
BRDA:67,18,1,0
BRDA:69,19,0,2
BRDA:69,19,1,0
BRDA:69,20,0,0
BRDA:69,20,1,2
BRDA:69,21,0,2
BRDA:69,21,1,2
BRDA:69,22,0,2
BRDA:69,22,1,0
BRDA:69,22,2,0
BRDA:69,23,0,0
BRDA:69,23,1,2
BRDA:69,24,0,2
BRDA:69,24,1,2
BRDA:69,25,0,0
BRDA:69,25,1,2
BRDA:69,26,0,2
BRDA:69,26,1,2
BRF:57
BRH:37
end_of_record
TN:
SF:src\services\asientos\detalleAsientos.service.ts
FN:19,(anonymous_8)
FNF:1
FNH:1
FNDA:8,(anonymous_8)
DA:1,1
DA:18,1
DA:22,8
DA:23,8
DA:27,2
DA:29,6
DA:30,6
DA:35,1
LF:8
LH:8
BRF:0
BRH:0
end_of_record
TN:
SF:src\services\cuentas\cuentas.service.ts
FN:8,(anonymous_8)
FN:22,(anonymous_10)
FN:37,(anonymous_12)
FN:51,(anonymous_14)
FN:66,(anonymous_16)
FN:83,(anonymous_18)
FN:98,(anonymous_20)
FNF:7
FNH:0
FNDA:0,(anonymous_8)
FNDA:0,(anonymous_10)
FNDA:0,(anonymous_12)
FNDA:0,(anonymous_14)
FNDA:0,(anonymous_16)
FNDA:0,(anonymous_18)
FNDA:0,(anonymous_20)
DA:1,0
DA:7,0
DA:9,0
DA:10,0
DA:11,0
DA:13,0
DA:15,0
DA:16,0
DA:18,0
DA:23,0
DA:24,0
DA:25,0
DA:27,0
DA:29,0
DA:30,0
DA:32,0
DA:38,0
DA:39,0
DA:40,0
DA:42,0
DA:44,0
DA:45,0
DA:47,0
DA:52,0
DA:53,0
DA:54,0
DA:55,0
DA:57,0
DA:59,0
DA:60,0
DA:62,0
DA:67,0
DA:68,0
DA:71,0
DA:73,0
DA:75,0
DA:76,0
DA:78,0
DA:84,0
DA:85,0
DA:89,0
DA:91,0
DA:92,0
DA:94,0
DA:99,0
DA:100,0
DA:101,0
DA:103,0
DA:105,0
DA:106,0
DA:108,0
LF:51
LH:0
BRDA:13,0,0,0
BRDA:13,0,1,0
BRDA:15,1,0,0
BRDA:15,1,1,0
BRDA:15,2,0,0
BRDA:15,2,1,0
BRDA:15,3,0,0
BRDA:15,3,1,0
BRDA:15,4,0,0
BRDA:15,4,1,0
BRDA:15,4,2,0
BRDA:15,5,0,0
BRDA:15,5,1,0
BRDA:15,6,0,0
BRDA:15,6,1,0
BRDA:15,7,0,0
BRDA:15,7,1,0
BRDA:15,8,0,0
BRDA:15,8,1,0
BRDA:27,9,0,0
BRDA:27,9,1,0
BRDA:29,10,0,0
BRDA:29,10,1,0
BRDA:29,11,0,0
BRDA:29,11,1,0
BRDA:29,12,0,0
BRDA:29,12,1,0
BRDA:29,13,0,0
BRDA:29,13,1,0
BRDA:29,13,2,0
BRDA:29,14,0,0
BRDA:29,14,1,0
BRDA:29,15,0,0
BRDA:29,15,1,0
BRDA:29,16,0,0
BRDA:29,16,1,0
BRDA:29,17,0,0
BRDA:29,17,1,0
BRDA:42,18,0,0
BRDA:42,18,1,0
BRDA:44,19,0,0
BRDA:44,19,1,0
BRDA:44,20,0,0
BRDA:44,20,1,0
BRDA:44,21,0,0
BRDA:44,21,1,0
BRDA:44,22,0,0
BRDA:44,22,1,0
BRDA:44,22,2,0
BRDA:44,23,0,0
BRDA:44,23,1,0
BRDA:44,24,0,0
BRDA:44,24,1,0
BRDA:44,25,0,0
BRDA:44,25,1,0
BRDA:44,26,0,0
BRDA:44,26,1,0
BRDA:57,27,0,0
BRDA:57,27,1,0
BRDA:59,28,0,0
BRDA:59,28,1,0
BRDA:59,29,0,0
BRDA:59,29,1,0
BRDA:59,30,0,0
BRDA:59,30,1,0
BRDA:59,31,0,0
BRDA:59,31,1,0
BRDA:59,31,2,0
BRDA:59,32,0,0
BRDA:59,32,1,0
BRDA:59,33,0,0
BRDA:59,33,1,0
BRDA:59,34,0,0
BRDA:59,34,1,0
BRDA:59,35,0,0
BRDA:59,35,1,0
BRDA:73,36,0,0
BRDA:73,36,1,0
BRDA:75,37,0,0
BRDA:75,37,1,0
BRDA:75,38,0,0
BRDA:75,38,1,0
BRDA:75,39,0,0
BRDA:75,39,1,0
BRDA:75,40,0,0
BRDA:75,40,1,0
BRDA:75,40,2,0
BRDA:75,41,0,0
BRDA:75,41,1,0
BRDA:75,42,0,0
BRDA:75,42,1,0
BRDA:75,43,0,0
BRDA:75,43,1,0
BRDA:75,44,0,0
BRDA:75,44,1,0
BRDA:89,45,0,0
BRDA:89,45,1,0
BRDA:91,46,0,0
BRDA:91,46,1,0
BRDA:91,47,0,0
BRDA:91,47,1,0
BRDA:91,48,0,0
BRDA:91,48,1,0
BRDA:91,49,0,0
BRDA:91,49,1,0
BRDA:91,49,2,0
BRDA:91,50,0,0
BRDA:91,50,1,0
BRDA:91,51,0,0
BRDA:91,51,1,0
BRDA:91,52,0,0
BRDA:91,52,1,0
BRDA:91,53,0,0
BRDA:91,53,1,0
BRDA:103,54,0,0
BRDA:103,54,1,0
BRDA:105,55,0,0
BRDA:105,55,1,0
BRDA:105,56,0,0
BRDA:105,56,1,0
BRDA:105,57,0,0
BRDA:105,57,1,0
BRDA:105,58,0,0
BRDA:105,58,1,0
BRDA:105,58,2,0
BRDA:105,59,0,0
BRDA:105,59,1,0
BRDA:105,60,0,0
BRDA:105,60,1,0
BRDA:105,61,0,0
BRDA:105,61,1,0
BRDA:105,62,0,0
BRDA:105,62,1,0
BRF:133
BRH:0
end_of_record
TN:
SF:src\services\cuentas\mayorizacion.service.ts
FN:8,(anonymous_8)
FN:35,(anonymous_10)
FNF:2
FNH:0
FNDA:0,(anonymous_8)
FNDA:0,(anonymous_10)
DA:5,0
DA:7,0
DA:12,0
DA:13,0
DA:22,0
DA:24,0
DA:26,0
DA:27,0
DA:31,0
DA:40,0
DA:41,0
DA:51,0
DA:53,0
DA:55,0
DA:56,0
DA:60,0
LF:16
LH:0
BRDA:24,0,0,0
BRDA:24,0,1,0
BRDA:26,1,0,0
BRDA:26,1,1,0
BRDA:26,2,0,0
BRDA:26,2,1,0
BRDA:26,3,0,0
BRDA:26,3,1,0
BRDA:26,4,0,0
BRDA:26,4,1,0
BRDA:26,4,2,0
BRDA:26,5,0,0
BRDA:26,5,1,0
BRDA:26,6,0,0
BRDA:26,6,1,0
BRDA:26,7,0,0
BRDA:26,7,1,0
BRDA:26,8,0,0
BRDA:26,8,1,0
BRDA:53,9,0,0
BRDA:53,9,1,0
BRDA:55,10,0,0
BRDA:55,10,1,0
BRDA:55,11,0,0
BRDA:55,11,1,0
BRDA:55,12,0,0
BRDA:55,12,1,0
BRDA:55,13,0,0
BRDA:55,13,1,0
BRDA:55,13,2,0
BRDA:55,14,0,0
BRDA:55,14,1,0
BRDA:55,15,0,0
BRDA:55,15,1,0
BRDA:55,16,0,0
BRDA:55,16,1,0
BRDA:55,17,0,0
BRDA:55,17,1,0
BRF:38
BRH:0
end_of_record
TN:
SF:src\services\estadisticas\estadisticas.service.ts
FN:6,(anonymous_8)
FN:23,(anonymous_10)
FN:39,(anonymous_12)
FN:55,(anonymous_14)
FN:71,(anonymous_16)
FNF:5
FNH:5
FNDA:4,(anonymous_8)
FNDA:2,(anonymous_10)
FNDA:2,(anonymous_12)
FNDA:2,(anonymous_14)
FNDA:2,(anonymous_16)
DA:1,1
DA:4,1
DA:9,4
DA:10,4
DA:11,2
DA:12,2
DA:14,2
DA:16,2
DA:17,2
DA:19,0
DA:25,2
DA:26,2
DA:27,2
DA:28,2
DA:30,0
DA:32,0
DA:33,0
DA:35,0
DA:41,2
DA:42,2
DA:43,2
DA:44,2
DA:46,0
DA:48,0
DA:49,0
DA:51,0
DA:57,2
DA:58,2
DA:59,2
DA:60,2
DA:62,0
DA:64,0
DA:65,0
DA:67,0
DA:73,2
DA:74,2
DA:75,2
DA:76,2
DA:78,0
DA:80,0
DA:81,0
DA:83,0
LF:42
LH:25
BRDA:14,0,0,2
BRDA:14,0,1,0
BRDA:16,1,0,2
BRDA:16,1,1,0
BRDA:16,2,0,0
BRDA:16,2,1,2
BRDA:16,3,0,2
BRDA:16,3,1,2
BRDA:16,4,0,2
BRDA:16,4,1,0
BRDA:16,4,2,0
BRDA:16,5,0,0
BRDA:16,5,1,2
BRDA:16,6,0,2
BRDA:16,6,1,2
BRDA:16,7,0,0
BRDA:16,7,1,2
BRDA:16,8,0,2
BRDA:16,8,1,2
BRDA:30,9,0,0
BRDA:30,9,1,0
BRDA:32,10,0,0
BRDA:32,10,1,0
BRDA:32,11,0,0
BRDA:32,11,1,0
BRDA:32,12,0,0
BRDA:32,12,1,0
BRDA:32,13,0,0
BRDA:32,13,1,0
BRDA:32,13,2,0
BRDA:32,14,0,0
BRDA:32,14,1,0
BRDA:32,15,0,0
BRDA:32,15,1,0
BRDA:32,16,0,0
BRDA:32,16,1,0
BRDA:32,17,0,0
BRDA:32,17,1,0
BRDA:46,18,0,0
BRDA:46,18,1,0
BRDA:48,19,0,0
BRDA:48,19,1,0
BRDA:48,20,0,0
BRDA:48,20,1,0
BRDA:48,21,0,0
BRDA:48,21,1,0
BRDA:48,22,0,0
BRDA:48,22,1,0
BRDA:48,22,2,0
BRDA:48,23,0,0
BRDA:48,23,1,0
BRDA:48,24,0,0
BRDA:48,24,1,0
BRDA:48,25,0,0
BRDA:48,25,1,0
BRDA:48,26,0,0
BRDA:48,26,1,0
BRDA:62,27,0,0
BRDA:62,27,1,0
BRDA:64,28,0,0
BRDA:64,28,1,0
BRDA:64,29,0,0
BRDA:64,29,1,0
BRDA:64,30,0,0
BRDA:64,30,1,0
BRDA:64,31,0,0
BRDA:64,31,1,0
BRDA:64,31,2,0
BRDA:64,32,0,0
BRDA:64,32,1,0
BRDA:64,33,0,0
BRDA:64,33,1,0
BRDA:64,34,0,0
BRDA:64,34,1,0
BRDA:64,35,0,0
BRDA:64,35,1,0
BRDA:78,36,0,0
BRDA:78,36,1,0
BRDA:80,37,0,0
BRDA:80,37,1,0
BRDA:80,38,0,0
BRDA:80,38,1,0
BRDA:80,39,0,0
BRDA:80,39,1,0
BRDA:80,40,0,0
BRDA:80,40,1,0
BRDA:80,40,2,0
BRDA:80,41,0,0
BRDA:80,41,1,0
BRDA:80,42,0,0
BRDA:80,42,1,0
BRDA:80,43,0,0
BRDA:80,43,1,0
BRDA:80,44,0,0
BRDA:80,44,1,0
BRF:95
BRH:12
end_of_record
TN:
SF:src\services\libroDiario\libroDiario.service.ts
FN:5,(anonymous_8)
FN:19,(anonymous_10)
FN:38,(anonymous_12)
FNF:3
FNH:3
FNDA:4,(anonymous_8)
FNDA:4,(anonymous_10)
FNDA:4,(anonymous_12)
DA:1,1
DA:4,1
DA:6,4
DA:7,4
DA:8,2
DA:10,2
DA:12,2
DA:13,2
DA:15,0
DA:20,4
DA:21,4
DA:27,2
DA:29,2
DA:31,2
DA:32,2
DA:34,0
DA:39,4
DA:40,4
DA:43,3
DA:45,1
DA:47,1
DA:48,1
DA:50,0
LF:23
LH:20
BRDA:10,0,0,2
BRDA:10,0,1,0
BRDA:12,1,0,2
BRDA:12,1,1,0
BRDA:12,2,0,0
BRDA:12,2,1,2
BRDA:12,3,0,2
BRDA:12,3,1,2
BRDA:12,4,0,2
BRDA:12,4,1,0
BRDA:12,4,2,0
BRDA:12,5,0,0
BRDA:12,5,1,2
BRDA:12,6,0,2
BRDA:12,6,1,2
BRDA:12,7,0,0
BRDA:12,7,1,2
BRDA:12,8,0,2
BRDA:12,8,1,2
BRDA:29,9,0,2
BRDA:29,9,1,0
BRDA:31,10,0,2
BRDA:31,10,1,0
BRDA:31,11,0,0
BRDA:31,11,1,2
BRDA:31,12,0,2
BRDA:31,12,1,2
BRDA:31,13,0,2
BRDA:31,13,1,0
BRDA:31,13,2,0
BRDA:31,14,0,0
BRDA:31,14,1,2
BRDA:31,15,0,2
BRDA:31,15,1,2
BRDA:31,16,0,0
BRDA:31,16,1,2
BRDA:31,17,0,2
BRDA:31,17,1,2
BRDA:45,18,0,1
BRDA:45,18,1,0
BRDA:47,19,0,1
BRDA:47,19,1,0
BRDA:47,20,0,0
BRDA:47,20,1,1
BRDA:47,21,0,1
BRDA:47,21,1,1
BRDA:47,22,0,1
BRDA:47,22,1,0
BRDA:47,22,2,0
BRDA:47,23,0,0
BRDA:47,23,1,1
BRDA:47,24,0,1
BRDA:47,24,1,1
BRDA:47,25,0,0
BRDA:47,25,1,1
BRDA:47,26,0,1
BRDA:47,26,1,1
BRF:57
BRH:36
end_of_record
